<?xml version="1.0" encoding="UTF-8"?>
<!-- Generated by org.testng.reporters.JUnitReportReporter -->
<testsuite hostname="DESKTOP-7GFQGL7" failures="0" tests="2" name="groupExecution.Test_demo" time="0.023" errors="0" timestamp="2024-09-25T13:00:05 IST" skipped="0">
  <testcase classname="groupExecution.Test_demo" name="a" time="0.017"/>
  <system-out/>
  <testcase classname="groupExecution.Test_demo" name="b" time="0.006"/>
  <system-out/>
</testsuite> <!-- groupExecution.Test_demo -->
