<?xml version="1.0" encoding="UTF-8"?>
<!-- Generated by org.testng.reporters.JUnitReportReporter -->
<testsuite hostname="DESKTOP-7GFQGL7" failures="0" tests="2" name="Parallel_Execution.parallelExecution1" time="144.809" errors="0" timestamp="2024-09-27T18:04:21 IST" skipped="0">
  <testcase classname="Parallel_Execution.parallelExecution1" name="test" time="75.875"/>
  <system-out/>
  <testcase classname="Parallel_Execution.parallelExecution1" name="test" time="68.934"/>
  <system-out/>
</testsuite> <!-- Parallel_Execution.parallelExecution1 -->
